<?xml version="1.0" encoding="UTF-8"?>
<!-- Generated by org.testng.reporters.JUnitReportReporter -->
<testsuite hostname="Zainaya" failures="0" tests="15" name="testCases.TC02_Login" time="42.710" errors="0" timestamp="2025-02-15T20:26:12 PST" skipped="0">
  <testcase classname="testCases.TC02_Login" name="testLogin" time="2.769"/>
  <testcase classname="testCases.TC02_Login" name="testLogin" time="3.000"/>
  <testcase classname="testCases.TC02_Login" name="testLogin" time="2.786"/>
  <testcase classname="testCases.TC02_Login" name="testLogin" time="2.798"/>
  <testcase classname="testCases.TC02_Login" name="testLogin" time="2.630"/>
  <testcase classname="testCases.TC02_Login" name="testLogin" time="3.289"/>
  <testcase classname="testCases.TC02_Login" name="testLogin" time="2.477"/>
  <testcase classname="testCases.TC02_Login" name="testLogin" time="2.902"/>
  <testcase classname="testCases.TC02_Login" name="testLogin" time="2.856"/>
  <testcase classname="testCases.TC02_Login" name="testLogin" time="2.806"/>
  <testcase classname="testCases.TC02_Login" name="testLogin" time="2.759"/>
  <testcase classname="testCases.TC02_Login" name="testLogin" time="3.074"/>
  <testcase classname="testCases.TC02_Login" name="testLogin" time="3.166"/>
  <testcase classname="testCases.TC02_Login" name="testLogin" time="2.687"/>
  <testcase classname="testCases.TC02_Login" name="testLogin" time="2.711"/>
</testsuite> <!-- testCases.TC02_Login -->
