<?xml version="1.0" encoding="UTF-8"?>
<!-- Generated by org.testng.reporters.JUnitReportReporter -->
<testsuite hostname="Zainaya" failures="0" tests="3" name="testCases.TC01_LaunchApplication" time="0.260" errors="0" timestamp="2025-02-15T20:26:12 PST" skipped="0">
  <testcase classname="testCases.TC01_LaunchApplication" name="testLaunchApplication" time="0.143"/>
  <testcase classname="testCases.TC01_LaunchApplication" name="testLaunchApplication" time="0.051"/>
  <testcase classname="testCases.TC01_LaunchApplication" name="testLaunchApplication" time="0.066"/>
</testsuite> <!-- testCases.TC01_LaunchApplication -->
