<?xml version="1.0" encoding="UTF-8"?>
<!-- Generated by org.testng.reporters.JUnitReportReporter -->
<testsuite hostname="Zainaya" failures="0" tests="3" name="testCases.TC03_AddToCart" time="7.068" errors="0" timestamp="2025-02-15T20:26:12 PST" skipped="0">
  <testcase classname="testCases.TC03_AddToCart" name="testAddToCart" time="2.511"/>
  <testcase classname="testCases.TC03_AddToCart" name="testAddToCart" time="2.127"/>
  <testcase classname="testCases.TC03_AddToCart" name="testAddToCart" time="2.430"/>
</testsuite> <!-- testCases.TC03_AddToCart -->
