<?xml version="1.0" encoding="UTF-8"?>
<!-- Generated by org.testng.reporters.JUnitReportReporter -->
<testsuite hostname="Zainaya" failures="0" tests="3" name="testCases.TC04_CompletePurchase" time="214.836" errors="0" timestamp="2025-02-15T20:26:12 PST" skipped="0">
  <testcase classname="testCases.TC04_CompletePurchase" name="testCompletePurchase" time="73.093"/>
  <testcase classname="testCases.TC04_CompletePurchase" name="testCompletePurchase" time="70.747"/>
  <testcase classname="testCases.TC04_CompletePurchase" name="testCompletePurchase" time="70.996"/>
</testsuite> <!-- testCases.TC04_CompletePurchase -->
