<?xml version="1.0" encoding="UTF-8"?>
<!-- Generated by org.testng.reporters.JUnitReportReporter -->
<testsuite hostname="DESKTOP-BEBDK66" failures="0" tests="3" name="testCases.TC06_PurchaseAGiftCertificate" time="80.500" errors="0" timestamp="2025-02-18T18:58:10 EST" skipped="0">
  <testcase classname="testCases.TC06_PurchaseAGiftCertificate" name="testPurchaseAGiftCertificate" time="35.671"/>
  <testcase classname="testCases.TC06_PurchaseAGiftCertificate" name="testPurchaseAGiftCertificate" time="39.673"/>
  <testcase classname="testCases.TC06_PurchaseAGiftCertificate" name="testPurchaseAGiftCertificate" time="5.156"/>
</testsuite> <!-- testCases.TC06_PurchaseAGiftCertificate -->
