<?xml version="1.0" encoding="UTF-8"?>
<!-- Generated by org.testng.reporters.JUnitReportReporter -->
<testsuite hostname="DESKTOP-BEBDK66" failures="0" tests="3" name="testCases.TC03_AddToCart" time="74.433" errors="0" timestamp="2025-02-18T18:58:10 EST" skipped="0">
  <testcase classname="testCases.TC03_AddToCart" name="testAddToCart" time="41.777"/>
  <testcase classname="testCases.TC03_AddToCart" name="testAddToCart" time="30.097"/>
  <testcase classname="testCases.TC03_AddToCart" name="testAddToCart" time="2.559"/>
</testsuite> <!-- testCases.TC03_AddToCart -->
