<?xml version="1.0" encoding="UTF-8"?>
<!-- Generated by org.testng.reporters.JUnitReportReporter -->
<testsuite hostname="DESKTOP-BEBDK66" failures="0" tests="3" name="testCases.TC05_AddAnItemToWishList" time="43.269" errors="0" timestamp="2025-02-18T18:58:10 EST" skipped="0">
  <testcase classname="testCases.TC05_AddAnItemToWishList" name="testAddToWishList" time="2.561"/>
  <testcase classname="testCases.TC05_AddAnItemToWishList" name="testAddToWishList" time="13.239"/>
  <testcase classname="testCases.TC05_AddAnItemToWishList" name="testAddToWishList" time="27.469"/>
</testsuite> <!-- testCases.TC05_AddAnItemToWishList -->
