<?xml version="1.0" encoding="UTF-8"?>
<!-- Generated by org.testng.reporters.JUnitReportReporter -->
<testsuite hostname="DESKTOP-BEBDK66" failures="0" tests="15" name="testCases.TC02_Login" time="165.134" errors="0" timestamp="2025-02-18T18:58:10 EST" skipped="0">
  <testcase classname="testCases.TC02_Login" name="testLogin" time="40.751"/>
  <testcase classname="testCases.TC02_Login" name="testLogin" time="9.872"/>
  <testcase classname="testCases.TC02_Login" name="testLogin" time="4.382"/>
  <testcase classname="testCases.TC02_Login" name="testLogin" time="2.431"/>
  <testcase classname="testCases.TC02_Login" name="testLogin" time="3.216"/>
  <testcase classname="testCases.TC02_Login" name="testLogin" time="8.608"/>
  <testcase classname="testCases.TC02_Login" name="testLogin" time="24.467"/>
  <testcase classname="testCases.TC02_Login" name="testLogin" time="2.319"/>
  <testcase classname="testCases.TC02_Login" name="testLogin" time="2.544"/>
  <testcase classname="testCases.TC02_Login" name="testLogin" time="3.649"/>
  <testcase classname="testCases.TC02_Login" name="testLogin" time="12.942"/>
  <testcase classname="testCases.TC02_Login" name="testLogin" time="2.511"/>
  <testcase classname="testCases.TC02_Login" name="testLogin" time="40.855"/>
  <testcase classname="testCases.TC02_Login" name="testLogin" time="2.858"/>
  <testcase classname="testCases.TC02_Login" name="testLogin" time="3.729"/>
</testsuite> <!-- testCases.TC02_Login -->
