<?xml version="1.0" encoding="UTF-8"?>
<!-- Generated by org.testng.reporters.JUnitReportReporter -->
<testsuite hostname="DESKTOP-BEBDK66" failures="0" tests="3" name="testCases.TC01_LaunchApplication" time="4.948" errors="0" timestamp="2025-02-18T18:58:10 EST" skipped="0">
  <testcase classname="testCases.TC01_LaunchApplication" name="testLaunchApplication" time="2.595"/>
  <testcase classname="testCases.TC01_LaunchApplication" name="testLaunchApplication" time="0.866"/>
  <testcase classname="testCases.TC01_LaunchApplication" name="testLaunchApplication" time="1.487"/>
</testsuite> <!-- testCases.TC01_LaunchApplication -->
